\BOOKMARK [0][]{Optimization in Architecture.0}{Optimization}{}% 1
\BOOKMARK [0][]{acknowledgments.0}{Acknowledgments}{}% 2
\BOOKMARK [0][]{publications.0}{Publications}{}% 3
\BOOKMARK [0][]{Abstract.0}{Abstract}{}% 4
\BOOKMARK [0][]{Abstract.0}{Abstract}{}% 5
\BOOKMARK [0][]{Resumo.0}{Resumo}{}% 6
\BOOKMARK [0][]{Resumo.0}{Resumo}{}% 7
\BOOKMARK [0][]{toc.0}{Contents}{}% 8
\BOOKMARK [1][]{lof.1}{List of Figures}{toc.0}% 9
\BOOKMARK [1][]{lot.1}{List of Tables}{toc.0}% 10
\BOOKMARK [1][]{loa.1}{List of Algorithms}{toc.0}% 11
\BOOKMARK [1][]{lol.1}{Listings}{toc.0}% 12
\BOOKMARK [1][]{loac.1}{Acronyms}{toc.0}% 13
\BOOKMARK [0][]{chapter.1}{1 Introduction}{}% 14
\BOOKMARK [1][]{section.1.1}{1.1 Morbi ipsum ipsum}{chapter.1}% 15
\BOOKMARK [1][]{section.1.2}{1.2 Organization of the Document}{chapter.1}% 16
\BOOKMARK [0][]{chapter.2}{2 Background}{}% 17
\BOOKMARK [1][]{section.2.1}{2.1 Traditional Streaming Technologies}{chapter.2}% 18
\BOOKMARK [1][]{section.2.2}{2.2 Cras lobortis tempor velit}{chapter.2}% 19
\BOOKMARK [0][]{chapter.3}{3 Solution}{}% 20
\BOOKMARK [1][]{section.3.1}{3.1 Architecture Design Requirements}{chapter.3}% 21
\BOOKMARK [1][]{section.3.2}{3.2 Architecture Design Requirements}{chapter.3}% 22
\BOOKMARK [0][]{chapter.4}{4 Evaluation}{}% 23
\BOOKMARK [1][]{section.4.1}{4.1 Development Process}{chapter.4}% 24
\BOOKMARK [1][]{section.4.2}{4.2 Development Environment}{chapter.4}% 25
\BOOKMARK [1][]{section.4.3}{4.3 Client Application}{chapter.4}% 26
\BOOKMARK [2][]{subsection.4.3.1}{4.3.1 User Interface}{section.4.3}% 27
\BOOKMARK [2][]{subsection.4.3.2}{4.3.2 Vivamus luctus elit sit amet mi}{section.4.3}% 28
\BOOKMARK [0][]{chapter.5}{5 Conclusion}{}% 29
\BOOKMARK [1][]{section.5.1}{5.1 Maecenas vitae nulla consequat}{chapter.5}% 30
\BOOKMARK [1][]{section.5.2}{5.2 Proin ornare dignissim lacus}{chapter.5}% 31
\BOOKMARK [0][]{chapter.6}{6 Conclusion}{}% 32
\BOOKMARK [1][]{section.6.1}{6.1 Conclusions}{chapter.6}% 33
\BOOKMARK [1][]{section.6.2}{6.2 System Limitations and Future Work}{chapter.6}% 34
\BOOKMARK [0][]{bib.0}{Bibliography}{}% 35
